2019/08/19 23:35:21: MainWindow init START
2019/08/19 23:35:21: MainWindow create_widgets START
2019/08/19 23:35:21: MainWindow read_configs START
2019/08/19 23:35:21: MainWindow read_configs file:config/server_info.yaml__sample
2019/08/19 23:35:21: MainWindow read_configs name:config/server_info ext:.yaml__sample
2019/08/19 23:35:21: MainWindow read_configs file:config/server_info.yaml
2019/08/19 23:35:21: MainWindow read_configs name:config/server_info ext:.yaml
2019/08/19 23:37:33: MainWindow init START
2019/08/19 23:37:33: MainWindow create_widgets START
2019/08/19 23:37:33: MainWindow read_configs START
2019/08/19 23:37:33: MainWindow read_configs file:config/server_info.yaml__sample
2019/08/19 23:37:33: MainWindow read_configs name:config/server_info ext:.yaml__sample
2019/08/19 23:37:33: MainWindow read_configs file:config/server_info.yaml
2019/08/19 23:37:33: MainWindow read_configs name:config/server_info ext:.yaml
2019/08/19 23:37:33: MainWindow read_configs config_name:server_info
2019/08/19 23:37:33: MainWindow connect_to_server START
2019/08/19 23:37:33: MainWindow connect_to_server ------------
2019/08/19 23:37:33: MainWindow run START
2019/08/19 23:37:33: MainWindow connect_to_server server_namehesper.example.com
2019/08/19 23:37:33: WsClient init START
2019/08/19 23:37:38: MainWindow connect_to_server ------------
2019/08/19 23:37:38: MainWindow connect_to_server server_namekokoro.example.com
2019/08/19 23:37:38: WsClient init START
2019/08/19 23:37:38: MainWindow connect_to_server ------------
2019/08/19 23:37:38: MainWindow connect_to_server server_nameavalon.example.com
2019/08/19 23:37:38: WsClient init START
2019/08/19 23:37:38: MainWindow connect_to_server ------------
2019/08/19 23:37:38: MainWindow connect_to_server ------------
